[0.022s] Invoking command in '/home/elk/ROS2-VPG_ws/build/ros2_control_demo_example_7': AMENT_PREFIX_PATH=/home/elk/ROS2-VPG_ws/install/ros2_control_demo_description:${AMENT_PREFIX_PATH} CMAKE_PREFIX_PATH=/home/elk/ROS2-VPG_ws/install/ros2_control_demo_description:/opt/ros/humble /usr/bin/cmake /home/elk/ROS2-VPG_ws/src/ros2_control_demos/example_7 -DCMAKE_INSTALL_PREFIX=/home/elk/ROS2-VPG_ws/install/ros2_control_demo_example_7
[0.077s] -- Found ament_cmake: 1.3.12 (/opt/ros/humble/share/ament_cmake/cmake)
[0.209s] -- Override CMake install command with custom implementation using symlinks instead of copying resources
[0.247s] -- Found pluginlib: 5.1.3 (/opt/ros/humble/share/pluginlib/cmake)
[0.301s] -- Found hardware_interface: 2.53.0 (/opt/ros/humble/share/hardware_interface/cmake)
[0.344s] -- Found rosidl_generator_c: 3.1.8 (/opt/ros/humble/share/rosidl_generator_c/cmake)
[0.350s] -- Found rosidl_adapter: 3.1.8 (/opt/ros/humble/share/rosidl_adapter/cmake)
[0.363s] -- Found rosidl_generator_cpp: 3.1.8 (/opt/ros/humble/share/rosidl_generator_cpp/cmake)
[0.381s] -- Using all available rosidl_typesupport_c: rosidl_typesupport_fastrtps_c;rosidl_typesupport_introspection_c
[0.397s] -- Using all available rosidl_typesupport_cpp: rosidl_typesupport_fastrtps_cpp;rosidl_typesupport_introspection_cpp
[0.622s] -- Found rmw_implementation_cmake: 6.1.2 (/opt/ros/humble/share/rmw_implementation_cmake/cmake)
[0.627s] -- Found rmw_fastrtps_cpp: 6.2.9 (/opt/ros/humble/share/rmw_fastrtps_cpp/cmake)
[0.665s] -- Found TinyXML2 via Config file: TinyXML2_DIR-NOTFOUND
[0.680s] -- Found TinyXML2 via Config file: TinyXML2_DIR-NOTFOUND
[0.696s] -- Found TinyXML2 via Config file: TinyXML2_DIR-NOTFOUND
[0.706s] -- Found TinyXML2 via Config file: TinyXML2_DIR-NOTFOUND
[0.715s] -- Using RMW implementation 'rmw_fastrtps_cpp' as default
[0.783s] -- Found kdl_parser: 2.6.4 (/opt/ros/humble/share/kdl_parser/cmake)
[0.790s] -- Found eigen3_cmake_module: 0.1.1 (/opt/ros/humble/share/eigen3_cmake_module/cmake)
[0.793s] -- Ensuring Eigen3 include directory is part of orocos-kdl CMake target
[0.798s] -- Found controller_interface: 2.53.0 (/opt/ros/humble/share/controller_interface/cmake)
[0.803s] -- Found realtime_tools: 2.15.0 (/opt/ros/humble/share/realtime_tools/cmake)
[0.824s] -- Found ament_cmake_pytest: 1.3.12 (/opt/ros/humble/share/ament_cmake_pytest/cmake)
[1.334s] -- Found ament_cmake_ros: 0.10.0 (/opt/ros/humble/share/ament_cmake_ros/cmake)
[1.345s] -- Found launch_testing_ament_cmake: 1.0.13 (/opt/ros/humble/share/launch_testing_ament_cmake/cmake)
[1.347s] -- Found python_cmake_module: 0.10.0 (/opt/ros/humble/share/python_cmake_module/cmake)
[1.372s] -- Using PYTHON_EXECUTABLE: /usr/bin/python3
[1.372s] -- Using PYTHON_INCLUDE_DIRS: /usr/include/python3.10
[1.372s] -- Using PYTHON_LIBRARIES: /usr/lib/x86_64-linux-gnu/libpython3.10.so
[1.453s] -- Configuring done
[1.492s] -- Generating done
[1.499s] -- Build files have been written to: /home/elk/ROS2-VPG_ws/build/ros2_control_demo_example_7
[1.510s] Invoked command in '/home/elk/ROS2-VPG_ws/build/ros2_control_demo_example_7' returned '0': AMENT_PREFIX_PATH=/home/elk/ROS2-VPG_ws/install/ros2_control_demo_description:${AMENT_PREFIX_PATH} CMAKE_PREFIX_PATH=/home/elk/ROS2-VPG_ws/install/ros2_control_demo_description:/opt/ros/humble /usr/bin/cmake /home/elk/ROS2-VPG_ws/src/ros2_control_demos/example_7 -DCMAKE_INSTALL_PREFIX=/home/elk/ROS2-VPG_ws/install/ros2_control_demo_example_7
[1.512s] Invoking command in '/home/elk/ROS2-VPG_ws/build/ros2_control_demo_example_7': AMENT_PREFIX_PATH=/home/elk/ROS2-VPG_ws/install/ros2_control_demo_description:${AMENT_PREFIX_PATH} CMAKE_PREFIX_PATH=/home/elk/ROS2-VPG_ws/install/ros2_control_demo_description:/opt/ros/humble /usr/bin/cmake --build /home/elk/ROS2-VPG_ws/build/ros2_control_demo_example_7 -- -j4 -l4
[1.564s] [35m[1mConsolidate compiler generated dependencies of target send_trajectory[0m
[1.564s] [35m[1mConsolidate compiler generated dependencies of target ros2_control_demo_example_7[0m
[1.623s] [ 40%] Built target send_trajectory
[1.627s] [100%] Built target ros2_control_demo_example_7
[1.636s] Invoked command in '/home/elk/ROS2-VPG_ws/build/ros2_control_demo_example_7' returned '0': AMENT_PREFIX_PATH=/home/elk/ROS2-VPG_ws/install/ros2_control_demo_description:${AMENT_PREFIX_PATH} CMAKE_PREFIX_PATH=/home/elk/ROS2-VPG_ws/install/ros2_control_demo_description:/opt/ros/humble /usr/bin/cmake --build /home/elk/ROS2-VPG_ws/build/ros2_control_demo_example_7 -- -j4 -l4
[1.647s] Invoking command in '/home/elk/ROS2-VPG_ws/build/ros2_control_demo_example_7': AMENT_PREFIX_PATH=/home/elk/ROS2-VPG_ws/install/ros2_control_demo_description:${AMENT_PREFIX_PATH} CMAKE_PREFIX_PATH=/home/elk/ROS2-VPG_ws/install/ros2_control_demo_description:/opt/ros/humble /usr/bin/cmake --install /home/elk/ROS2-VPG_ws/build/ros2_control_demo_example_7
[1.654s] -- Install configuration: ""
[1.654s] -- Execute custom install script
[1.654s] -- Up-to-date symlink: /home/elk/ROS2-VPG_ws/install/ros2_control_demo_example_7/share/ros2_control_demo_example_7//ros2_control_demo_example_7.xml
[1.654s] -- Up-to-date symlink: /home/elk/ROS2-VPG_ws/install/ros2_control_demo_example_7/share/ros2_control_demo_example_7//ros2_control_demo_example_7.xml
[1.656s] -- Up-to-date symlink: /home/elk/ROS2-VPG_ws/install/ros2_control_demo_example_7/include/ros2_control_demo_example_7/ros2_control_demo_example_7/r6bot_hardware.hpp
[1.656s] -- Up-to-date symlink: /home/elk/ROS2-VPG_ws/install/ros2_control_demo_example_7/share/ros2_control_demo_example_7/launch/view_r6bot.launch.py
[1.657s] -- Up-to-date symlink: /home/elk/ROS2-VPG_ws/install/ros2_control_demo_example_7/share/ros2_control_demo_example_7/ros2_control/r6bot.ros2_control.xacro
[1.657s] -- Up-to-date symlink: /home/elk/ROS2-VPG_ws/install/ros2_control_demo_example_7/share/ros2_control_demo_example_7/urdf/r6bot.urdf.xacro
[1.658s] -- Up-to-date symlink: /home/elk/ROS2-VPG_ws/install/ros2_control_demo_example_7/share/ros2_control_demo_example_7/launch/r6bot_controller.launch.py
[1.658s] -- Up-to-date symlink: /home/elk/ROS2-VPG_ws/install/ros2_control_demo_example_7/share/ros2_control_demo_example_7/launch/send_trajectory.launch.py
[1.659s] -- Up-to-date symlink: /home/elk/ROS2-VPG_ws/install/ros2_control_demo_example_7/share/ros2_control_demo_example_7/config/r6bot_controller.yaml
[1.660s] -- Up-to-date symlink: /home/elk/ROS2-VPG_ws/install/ros2_control_demo_example_7/lib/ros2_control_demo_example_7/send_trajectory
[1.660s] -- Up-to-date symlink: /home/elk/ROS2-VPG_ws/install/ros2_control_demo_example_7/share/ros2_control_demo_example_7/environment/library_path.sh
[1.661s] -- Up-to-date symlink: /home/elk/ROS2-VPG_ws/install/ros2_control_demo_example_7/share/ros2_control_demo_example_7/environment/library_path.dsv
[1.661s] -- Up-to-date symlink: /home/elk/ROS2-VPG_ws/install/ros2_control_demo_example_7/share/ament_index/resource_index/package_run_dependencies/ros2_control_demo_example_7
[1.662s] -- Up-to-date symlink: /home/elk/ROS2-VPG_ws/install/ros2_control_demo_example_7/share/ament_index/resource_index/parent_prefix_path/ros2_control_demo_example_7
[1.663s] -- Up-to-date symlink: /home/elk/ROS2-VPG_ws/install/ros2_control_demo_example_7/share/ros2_control_demo_example_7/environment/ament_prefix_path.sh
[1.663s] -- Up-to-date symlink: /home/elk/ROS2-VPG_ws/install/ros2_control_demo_example_7/share/ros2_control_demo_example_7/environment/ament_prefix_path.dsv
[1.664s] -- Up-to-date symlink: /home/elk/ROS2-VPG_ws/install/ros2_control_demo_example_7/share/ros2_control_demo_example_7/environment/path.sh
[1.664s] -- Up-to-date symlink: /home/elk/ROS2-VPG_ws/install/ros2_control_demo_example_7/share/ros2_control_demo_example_7/environment/path.dsv
[1.665s] -- Up-to-date symlink: /home/elk/ROS2-VPG_ws/install/ros2_control_demo_example_7/share/ros2_control_demo_example_7/local_setup.bash
[1.665s] -- Up-to-date symlink: /home/elk/ROS2-VPG_ws/install/ros2_control_demo_example_7/share/ros2_control_demo_example_7/local_setup.sh
[1.665s] -- Up-to-date symlink: /home/elk/ROS2-VPG_ws/install/ros2_control_demo_example_7/share/ros2_control_demo_example_7/local_setup.zsh
[1.666s] -- Up-to-date symlink: /home/elk/ROS2-VPG_ws/install/ros2_control_demo_example_7/share/ros2_control_demo_example_7/local_setup.dsv
[1.666s] -- Symlinking: /home/elk/ROS2-VPG_ws/install/ros2_control_demo_example_7/share/ros2_control_demo_example_7/package.dsv
[1.675s] -- Up-to-date symlink: /home/elk/ROS2-VPG_ws/install/ros2_control_demo_example_7/share/ament_index/resource_index/packages/ros2_control_demo_example_7
[1.675s] -- Up-to-date symlink: /home/elk/ROS2-VPG_ws/install/ros2_control_demo_example_7/share/ament_index/resource_index/hardware_interface__pluginlib__plugin/ros2_control_demo_example_7
[1.676s] -- Up-to-date symlink: /home/elk/ROS2-VPG_ws/install/ros2_control_demo_example_7/share/ament_index/resource_index/controller_interface__pluginlib__plugin/ros2_control_demo_example_7
[1.676s] -- Up-to-date symlink: /home/elk/ROS2-VPG_ws/install/ros2_control_demo_example_7/share/ros2_control_demo_example_7/cmake/ament_cmake_export_targets-extras.cmake
[1.677s] -- Up-to-date symlink: /home/elk/ROS2-VPG_ws/install/ros2_control_demo_example_7/share/ros2_control_demo_example_7/cmake/ament_cmake_export_dependencies-extras.cmake
[1.677s] -- Up-to-date symlink: /home/elk/ROS2-VPG_ws/install/ros2_control_demo_example_7/share/ros2_control_demo_example_7/cmake/ros2_control_demo_example_7Config.cmake
[1.678s] -- Up-to-date symlink: /home/elk/ROS2-VPG_ws/install/ros2_control_demo_example_7/share/ros2_control_demo_example_7/cmake/ros2_control_demo_example_7Config-version.cmake
[1.678s] -- Up-to-date symlink: /home/elk/ROS2-VPG_ws/install/ros2_control_demo_example_7/share/ros2_control_demo_example_7/package.xml
[1.679s] -- Up-to-date: /home/elk/ROS2-VPG_ws/install/ros2_control_demo_example_7/lib/libros2_control_demo_example_7.so
[1.680s] -- Up-to-date: /home/elk/ROS2-VPG_ws/install/ros2_control_demo_example_7/share/ros2_control_demo_example_7/cmake/export_ros2_control_demo_example_7Export.cmake
[1.680s] -- Up-to-date: /home/elk/ROS2-VPG_ws/install/ros2_control_demo_example_7/share/ros2_control_demo_example_7/cmake/export_ros2_control_demo_example_7Export-noconfig.cmake
[1.682s] Invoked command in '/home/elk/ROS2-VPG_ws/build/ros2_control_demo_example_7' returned '0': AMENT_PREFIX_PATH=/home/elk/ROS2-VPG_ws/install/ros2_control_demo_description:${AMENT_PREFIX_PATH} CMAKE_PREFIX_PATH=/home/elk/ROS2-VPG_ws/install/ros2_control_demo_description:/opt/ros/humble /usr/bin/cmake --install /home/elk/ROS2-VPG_ws/build/ros2_control_demo_example_7
