[0.013s] Invoking command in '/home/elk/ROS2-VPG_ws/build/ros2_control_demo_example_7': CMAKE_PREFIX_PATH=/home/elk/ROS2-VPG_ws/install/ros2_control_demo_description:/home/elk/ROS2-VPG_ws/install/ros2_control_demo_example_7:/opt/ros/humble /usr/bin/cmake --build /home/elk/ROS2-VPG_ws/build/ros2_control_demo_example_7 -- -j4 -l4
[0.067s] [ 40%] Built target send_trajectory
[0.067s] [100%] Built target ros2_control_demo_example_7
[0.077s] Invoked command in '/home/elk/ROS2-VPG_ws/build/ros2_control_demo_example_7' returned '0': CMAKE_PREFIX_PATH=/home/elk/ROS2-VPG_ws/install/ros2_control_demo_description:/home/elk/ROS2-VPG_ws/install/ros2_control_demo_example_7:/opt/ros/humble /usr/bin/cmake --build /home/elk/ROS2-VPG_ws/build/ros2_control_demo_example_7 -- -j4 -l4
[0.086s] Invoking command in '/home/elk/ROS2-VPG_ws/build/ros2_control_demo_example_7': CMAKE_PREFIX_PATH=/home/elk/ROS2-VPG_ws/install/ros2_control_demo_description:/home/elk/ROS2-VPG_ws/install/ros2_control_demo_example_7:/opt/ros/humble /usr/bin/cmake --install /home/elk/ROS2-VPG_ws/build/ros2_control_demo_example_7
[0.093s] -- Install configuration: ""
[0.093s] -- Execute custom install script
[0.093s] -- Up-to-date symlink: /home/elk/ROS2-VPG_ws/install/ros2_control_demo_example_7/share/ros2_control_demo_example_7//ros2_control_demo_example_7.xml
[0.093s] -- Up-to-date symlink: /home/elk/ROS2-VPG_ws/install/ros2_control_demo_example_7/share/ros2_control_demo_example_7//ros2_control_demo_example_7.xml
[0.093s] -- Up-to-date symlink: /home/elk/ROS2-VPG_ws/install/ros2_control_demo_example_7/include/ros2_control_demo_example_7/ros2_control_demo_example_7/r6bot_hardware.hpp
[0.094s] -- Up-to-date symlink: /home/elk/ROS2-VPG_ws/install/ros2_control_demo_example_7/share/ros2_control_demo_example_7/launch/view_r6bot.launch.py
[0.094s] -- Up-to-date symlink: /home/elk/ROS2-VPG_ws/install/ros2_control_demo_example_7/share/ros2_control_demo_example_7/ros2_control/r6bot.ros2_control.xacro
[0.094s] -- Up-to-date symlink: /home/elk/ROS2-VPG_ws/install/ros2_control_demo_example_7/share/ros2_control_demo_example_7/urdf/r6bot.urdf.xacro
[0.095s] -- Up-to-date symlink: /home/elk/ROS2-VPG_ws/install/ros2_control_demo_example_7/share/ros2_control_demo_example_7/launch/r6bot_controller.launch.py
[0.095s] -- Up-to-date symlink: /home/elk/ROS2-VPG_ws/install/ros2_control_demo_example_7/share/ros2_control_demo_example_7/launch/send_trajectory.launch.py
[0.095s] -- Up-to-date symlink: /home/elk/ROS2-VPG_ws/install/ros2_control_demo_example_7/share/ros2_control_demo_example_7/config/r6bot_controller.yaml
[0.095s] -- Up-to-date symlink: /home/elk/ROS2-VPG_ws/install/ros2_control_demo_example_7/lib/ros2_control_demo_example_7/send_trajectory
[0.095s] -- Up-to-date symlink: /home/elk/ROS2-VPG_ws/install/ros2_control_demo_example_7/share/ros2_control_demo_example_7/environment/library_path.sh
[0.095s] -- Up-to-date symlink: /home/elk/ROS2-VPG_ws/install/ros2_control_demo_example_7/share/ros2_control_demo_example_7/environment/library_path.dsv
[0.095s] -- Up-to-date symlink: /home/elk/ROS2-VPG_ws/install/ros2_control_demo_example_7/share/ament_index/resource_index/package_run_dependencies/ros2_control_demo_example_7
[0.095s] -- Up-to-date symlink: /home/elk/ROS2-VPG_ws/install/ros2_control_demo_example_7/share/ament_index/resource_index/parent_prefix_path/ros2_control_demo_example_7
[0.096s] -- Up-to-date symlink: /home/elk/ROS2-VPG_ws/install/ros2_control_demo_example_7/share/ros2_control_demo_example_7/environment/ament_prefix_path.sh
[0.097s] -- Up-to-date symlink: /home/elk/ROS2-VPG_ws/install/ros2_control_demo_example_7/share/ros2_control_demo_example_7/environment/ament_prefix_path.dsv
[0.097s] -- Up-to-date symlink: /home/elk/ROS2-VPG_ws/install/ros2_control_demo_example_7/share/ros2_control_demo_example_7/environment/path.sh
[0.097s] -- Up-to-date symlink: /home/elk/ROS2-VPG_ws/install/ros2_control_demo_example_7/share/ros2_control_demo_example_7/environment/path.dsv
[0.097s] -- Up-to-date symlink: /home/elk/ROS2-VPG_ws/install/ros2_control_demo_example_7/share/ros2_control_demo_example_7/local_setup.bash
[0.097s] -- Up-to-date symlink: /home/elk/ROS2-VPG_ws/install/ros2_control_demo_example_7/share/ros2_control_demo_example_7/local_setup.sh
[0.097s] -- Up-to-date symlink: /home/elk/ROS2-VPG_ws/install/ros2_control_demo_example_7/share/ros2_control_demo_example_7/local_setup.zsh
[0.097s] -- Up-to-date symlink: /home/elk/ROS2-VPG_ws/install/ros2_control_demo_example_7/share/ros2_control_demo_example_7/local_setup.dsv
[0.098s] -- Symlinking: /home/elk/ROS2-VPG_ws/install/ros2_control_demo_example_7/share/ros2_control_demo_example_7/package.dsv
[0.104s] -- Up-to-date symlink: /home/elk/ROS2-VPG_ws/install/ros2_control_demo_example_7/share/ament_index/resource_index/packages/ros2_control_demo_example_7
[0.105s] -- Up-to-date symlink: /home/elk/ROS2-VPG_ws/install/ros2_control_demo_example_7/share/ament_index/resource_index/hardware_interface__pluginlib__plugin/ros2_control_demo_example_7
[0.105s] -- Up-to-date symlink: /home/elk/ROS2-VPG_ws/install/ros2_control_demo_example_7/share/ament_index/resource_index/controller_interface__pluginlib__plugin/ros2_control_demo_example_7
[0.105s] -- Up-to-date symlink: /home/elk/ROS2-VPG_ws/install/ros2_control_demo_example_7/share/ros2_control_demo_example_7/cmake/ament_cmake_export_targets-extras.cmake
[0.106s] -- Up-to-date symlink: /home/elk/ROS2-VPG_ws/install/ros2_control_demo_example_7/share/ros2_control_demo_example_7/cmake/ament_cmake_export_dependencies-extras.cmake
[0.106s] -- Up-to-date symlink: /home/elk/ROS2-VPG_ws/install/ros2_control_demo_example_7/share/ros2_control_demo_example_7/cmake/ros2_control_demo_example_7Config.cmake
[0.106s] -- Up-to-date symlink: /home/elk/ROS2-VPG_ws/install/ros2_control_demo_example_7/share/ros2_control_demo_example_7/cmake/ros2_control_demo_example_7Config-version.cmake
[0.106s] -- Up-to-date symlink: /home/elk/ROS2-VPG_ws/install/ros2_control_demo_example_7/share/ros2_control_demo_example_7/package.xml
[0.106s] -- Up-to-date: /home/elk/ROS2-VPG_ws/install/ros2_control_demo_example_7/lib/libros2_control_demo_example_7.so
[0.107s] -- Up-to-date: /home/elk/ROS2-VPG_ws/install/ros2_control_demo_example_7/share/ros2_control_demo_example_7/cmake/export_ros2_control_demo_example_7Export.cmake
[0.107s] -- Up-to-date: /home/elk/ROS2-VPG_ws/install/ros2_control_demo_example_7/share/ros2_control_demo_example_7/cmake/export_ros2_control_demo_example_7Export-noconfig.cmake
[0.108s] Invoked command in '/home/elk/ROS2-VPG_ws/build/ros2_control_demo_example_7' returned '0': CMAKE_PREFIX_PATH=/home/elk/ROS2-VPG_ws/install/ros2_control_demo_description:/home/elk/ROS2-VPG_ws/install/ros2_control_demo_example_7:/opt/ros/humble /usr/bin/cmake --install /home/elk/ROS2-VPG_ws/build/ros2_control_demo_example_7
