[0.008s] Invoking command in '/home/elk/ROS2-VPG_ws/build/r6bot_moveit_config': CMAKE_PREFIX_PATH=/opt/ros/humble /usr/bin/cmake /home/elk/ROS2-VPG_ws/src/r6bot_moveit_config -DAMENT_CMAKE_SYMLINK_INSTALL=1 -DCMAKE_INSTALL_PREFIX=/home/elk/ROS2-VPG_ws/install/r6bot_moveit_config
[0.056s] -- The C compiler identification is GNU 11.4.0
[0.098s] -- The CXX compiler identification is GNU 11.4.0
[0.104s] -- Detecting C compiler ABI info
[0.161s] -- Detecting C compiler ABI info - done
[0.164s] -- Check for working C compiler: /usr/bin/cc - skipped
[0.165s] -- Detecting C compile features
[0.165s] -- Detecting C compile features - done
[0.167s] -- Detecting CXX compiler ABI info
[0.234s] -- Detecting CXX compiler ABI info - done
[0.237s] -- Check for working CXX compiler: /usr/bin/c++ - skipped
[0.238s] -- Detecting CXX compile features
[0.238s] -- Detecting CXX compile features - done
[0.240s] -- Found ament_cmake: 1.3.12 (/opt/ros/humble/share/ament_cmake/cmake)
[0.356s] -- Found Python3: /usr/bin/python3 (found version "3.10.12") found components: Interpreter 
[0.414s] -- Override CMake install command with custom implementation using symlinks instead of copying resources
[0.480s] -- Configuring done
[0.482s] -- Generating done
[0.483s] -- Build files have been written to: /home/elk/ROS2-VPG_ws/build/r6bot_moveit_config
[0.488s] Invoked command in '/home/elk/ROS2-VPG_ws/build/r6bot_moveit_config' returned '0': CMAKE_PREFIX_PATH=/opt/ros/humble /usr/bin/cmake /home/elk/ROS2-VPG_ws/src/r6bot_moveit_config -DAMENT_CMAKE_SYMLINK_INSTALL=1 -DCMAKE_INSTALL_PREFIX=/home/elk/ROS2-VPG_ws/install/r6bot_moveit_config
[0.489s] Invoking command in '/home/elk/ROS2-VPG_ws/build/r6bot_moveit_config': CMAKE_PREFIX_PATH=/opt/ros/humble /usr/bin/cmake --build /home/elk/ROS2-VPG_ws/build/r6bot_moveit_config -- -j4 -l4
[0.520s] Invoked command in '/home/elk/ROS2-VPG_ws/build/r6bot_moveit_config' returned '0': CMAKE_PREFIX_PATH=/opt/ros/humble /usr/bin/cmake --build /home/elk/ROS2-VPG_ws/build/r6bot_moveit_config -- -j4 -l4
[0.528s] Invoking command in '/home/elk/ROS2-VPG_ws/build/r6bot_moveit_config': CMAKE_PREFIX_PATH=/opt/ros/humble /usr/bin/cmake --install /home/elk/ROS2-VPG_ws/build/r6bot_moveit_config
[0.534s] -- Install configuration: ""
[0.534s] -- Execute custom install script
[0.534s] -- Symlinking: /home/elk/ROS2-VPG_ws/install/r6bot_moveit_config/share/r6bot_moveit_config/launch/moveit.launch.py
[0.541s] -- Symlinking: /home/elk/ROS2-VPG_ws/install/r6bot_moveit_config/share/r6bot_moveit_config/config/joint_limits.yaml
[0.547s] -- Symlinking: /home/elk/ROS2-VPG_ws/install/r6bot_moveit_config/share/r6bot_moveit_config/config/kinematics.yaml
[0.553s] -- Symlinking: /home/elk/ROS2-VPG_ws/install/r6bot_moveit_config/share/r6bot_moveit_config/config/moveit_controllers.yaml
[0.560s] -- Symlinking: /home/elk/ROS2-VPG_ws/install/r6bot_moveit_config/share/r6bot_moveit_config/config/ompl_planning.yaml
[0.567s] -- Symlinking: /home/elk/ROS2-VPG_ws/install/r6bot_moveit_config/share/r6bot_moveit_config/config/r6bot.srdf
[0.573s] -- Symlinking: /home/elk/ROS2-VPG_ws/install/r6bot_moveit_config/share/ament_index/resource_index/package_run_dependencies/r6bot_moveit_config
[0.580s] -- Symlinking: /home/elk/ROS2-VPG_ws/install/r6bot_moveit_config/share/ament_index/resource_index/parent_prefix_path/r6bot_moveit_config
[0.586s] -- Symlinking: /home/elk/ROS2-VPG_ws/install/r6bot_moveit_config/share/r6bot_moveit_config/environment/ament_prefix_path.sh
[0.593s] -- Symlinking: /home/elk/ROS2-VPG_ws/install/r6bot_moveit_config/share/r6bot_moveit_config/environment/ament_prefix_path.dsv
[0.599s] -- Symlinking: /home/elk/ROS2-VPG_ws/install/r6bot_moveit_config/share/r6bot_moveit_config/environment/path.sh
[0.606s] -- Symlinking: /home/elk/ROS2-VPG_ws/install/r6bot_moveit_config/share/r6bot_moveit_config/environment/path.dsv
[0.613s] -- Symlinking: /home/elk/ROS2-VPG_ws/install/r6bot_moveit_config/share/r6bot_moveit_config/local_setup.bash
[0.621s] -- Symlinking: /home/elk/ROS2-VPG_ws/install/r6bot_moveit_config/share/r6bot_moveit_config/local_setup.sh
[0.627s] -- Symlinking: /home/elk/ROS2-VPG_ws/install/r6bot_moveit_config/share/r6bot_moveit_config/local_setup.zsh
[0.634s] -- Symlinking: /home/elk/ROS2-VPG_ws/install/r6bot_moveit_config/share/r6bot_moveit_config/local_setup.dsv
[0.640s] -- Symlinking: /home/elk/ROS2-VPG_ws/install/r6bot_moveit_config/share/r6bot_moveit_config/package.dsv
[0.647s] -- Symlinking: /home/elk/ROS2-VPG_ws/install/r6bot_moveit_config/share/ament_index/resource_index/packages/r6bot_moveit_config
[0.654s] -- Symlinking: /home/elk/ROS2-VPG_ws/install/r6bot_moveit_config/share/r6bot_moveit_config/cmake/r6bot_moveit_configConfig.cmake
[0.660s] -- Symlinking: /home/elk/ROS2-VPG_ws/install/r6bot_moveit_config/share/r6bot_moveit_config/cmake/r6bot_moveit_configConfig-version.cmake
[0.668s] -- Symlinking: /home/elk/ROS2-VPG_ws/install/r6bot_moveit_config/share/r6bot_moveit_config/package.xml
[0.675s] Invoked command in '/home/elk/ROS2-VPG_ws/build/r6bot_moveit_config' returned '0': CMAKE_PREFIX_PATH=/opt/ros/humble /usr/bin/cmake --install /home/elk/ROS2-VPG_ws/build/r6bot_moveit_config
