[0.006s] Invoking command in '/home/elk/ROS2-VPG_ws/build/ros2_control_demo_description': /usr/bin/cmake /home/elk/ROS2-VPG_ws/src/ros2_control_demos/ros2_control_demo_description -DAMENT_CMAKE_SYMLINK_INSTALL=1 -DCMAKE_INSTALL_PREFIX=/home/elk/ROS2-VPG_ws/install/ros2_control_demo_description
[0.057s] -- The C compiler identification is GNU 11.4.0
[0.104s] -- The CXX compiler identification is GNU 11.4.0
[0.111s] -- Detecting C compiler ABI info
[0.172s] -- Detecting C compiler ABI info - done
[0.177s] -- Check for working C compiler: /usr/bin/cc - skipped
[0.177s] -- Detecting C compile features
[0.177s] -- Detecting C compile features - done
[0.179s] -- Detecting CXX compiler ABI info
[0.247s] -- Detecting CXX compiler ABI info - done
[0.252s] -- Check for working CXX compiler: /usr/bin/c++ - skipped
[0.252s] -- Detecting CXX compile features
[0.253s] -- Detecting CXX compile features - done
[0.256s] [31mCMake Error at CMakeLists.txt:4 (find_package):
[0.256s]   By not providing "Findament_cmake.cmake" in CMAKE_MODULE_PATH this project
[0.256s]   has asked CMake to find a package configuration file provided by
[0.256s]   "ament_cmake", but CMake did not find one.
[0.256s] 
[0.256s]   Could not find a package configuration file provided by "ament_cmake" with
[0.256s]   any of the following names:
[0.256s] 
[0.256s]     ament_cmakeConfig.cmake
[0.256s]     ament_cmake-config.cmake
[0.256s] 
[0.256s]   Add the installation prefix of "ament_cmake" to CMAKE_PREFIX_PATH or set
[0.256s]   "ament_cmake_DIR" to a directory containing one of the above files.  If
[0.256s]   "ament_cmake" provides a separate development package or SDK, be sure it
[0.256s]   has been installed.
[0.256s] 
[0.256s] [0m
[0.256s] -- Configuring incomplete, errors occurred!
[0.257s] See also "/home/elk/ROS2-VPG_ws/build/ros2_control_demo_description/CMakeFiles/CMakeOutput.log".
[0.259s] Invoked command in '/home/elk/ROS2-VPG_ws/build/ros2_control_demo_description' returned '1': /usr/bin/cmake /home/elk/ROS2-VPG_ws/src/ros2_control_demos/ros2_control_demo_description -DAMENT_CMAKE_SYMLINK_INSTALL=1 -DCMAKE_INSTALL_PREFIX=/home/elk/ROS2-VPG_ws/install/ros2_control_demo_description
