[0.008s] Invoking command in '/home/elk/ROS2-VPG_ws/build/r6bot_moveit_config': CMAKE_PREFIX_PATH=${CMAKE_PREFIX_PATH}:/opt/ros/humble /usr/bin/cmake /home/elk/ROS2-VPG_ws/src/r6bot_moveit_config -DAMENT_CMAKE_SYMLINK_INSTALL=1 -DCMAKE_INSTALL_PREFIX=/home/elk/ROS2-VPG_ws/install/r6bot_moveit_config
[0.156s] -- The C compiler identification is GNU 11.4.0
[0.256s] -- The CXX compiler identification is GNU 11.4.0
[0.269s] -- Detecting C compiler ABI info
[0.337s] -- Detecting C compiler ABI info - done
[0.342s] -- Check for working C compiler: /usr/bin/cc - skipped
[0.342s] -- Detecting C compile features
[0.344s] -- Detecting C compile features - done
[0.347s] -- Detecting CXX compiler ABI info
[0.421s] -- Detecting CXX compiler ABI info - done
[0.426s] -- Check for working CXX compiler: /usr/bin/c++ - skipped
[0.427s] -- Detecting CXX compile features
[0.427s] -- Detecting CXX compile features - done
[0.433s] -- Found ament_cmake: 1.3.12 (/opt/ros/humble/share/ament_cmake/cmake)
[0.551s] -- Found Python3: /usr/bin/python3 (found version "3.10.12") found components: Interpreter 
[0.607s] -- Override CMake install command with custom implementation using symlinks instead of copying resources
[0.697s] -- Configuring done
[0.699s] -- Generating done
[0.700s] -- Build files have been written to: /home/elk/ROS2-VPG_ws/build/r6bot_moveit_config
[0.703s] Invoked command in '/home/elk/ROS2-VPG_ws/build/r6bot_moveit_config' returned '0': CMAKE_PREFIX_PATH=${CMAKE_PREFIX_PATH}:/opt/ros/humble /usr/bin/cmake /home/elk/ROS2-VPG_ws/src/r6bot_moveit_config -DAMENT_CMAKE_SYMLINK_INSTALL=1 -DCMAKE_INSTALL_PREFIX=/home/elk/ROS2-VPG_ws/install/r6bot_moveit_config
[0.704s] Invoking command in '/home/elk/ROS2-VPG_ws/build/r6bot_moveit_config': CMAKE_PREFIX_PATH=${CMAKE_PREFIX_PATH}:/opt/ros/humble /usr/bin/cmake --build /home/elk/ROS2-VPG_ws/build/r6bot_moveit_config -- -j4 -l4
[0.736s] Invoked command in '/home/elk/ROS2-VPG_ws/build/r6bot_moveit_config' returned '0': CMAKE_PREFIX_PATH=${CMAKE_PREFIX_PATH}:/opt/ros/humble /usr/bin/cmake --build /home/elk/ROS2-VPG_ws/build/r6bot_moveit_config -- -j4 -l4
[0.743s] Invoking command in '/home/elk/ROS2-VPG_ws/build/r6bot_moveit_config': CMAKE_PREFIX_PATH=${CMAKE_PREFIX_PATH}:/opt/ros/humble /usr/bin/cmake --install /home/elk/ROS2-VPG_ws/build/r6bot_moveit_config
[0.749s] -- Install configuration: ""
[0.749s] -- Execute custom install script
[0.749s] -- Symlinking: /home/elk/ROS2-VPG_ws/install/r6bot_moveit_config/share/r6bot_moveit_config/launch/moveit.launch.py
[0.756s] -- Symlinking: /home/elk/ROS2-VPG_ws/install/r6bot_moveit_config/share/r6bot_moveit_config/config/moveit_controllers.yaml
[0.762s] -- Symlinking: /home/elk/ROS2-VPG_ws/install/r6bot_moveit_config/share/r6bot_moveit_config/config/r6bot.srdf
[0.769s] -- Symlinking: /home/elk/ROS2-VPG_ws/install/r6bot_moveit_config/share/ament_index/resource_index/package_run_dependencies/r6bot_moveit_config
[0.775s] -- Symlinking: /home/elk/ROS2-VPG_ws/install/r6bot_moveit_config/share/ament_index/resource_index/parent_prefix_path/r6bot_moveit_config
[0.782s] -- Symlinking: /home/elk/ROS2-VPG_ws/install/r6bot_moveit_config/share/r6bot_moveit_config/environment/ament_prefix_path.sh
[0.789s] -- Symlinking: /home/elk/ROS2-VPG_ws/install/r6bot_moveit_config/share/r6bot_moveit_config/environment/ament_prefix_path.dsv
[0.795s] -- Symlinking: /home/elk/ROS2-VPG_ws/install/r6bot_moveit_config/share/r6bot_moveit_config/environment/path.sh
[0.801s] -- Symlinking: /home/elk/ROS2-VPG_ws/install/r6bot_moveit_config/share/r6bot_moveit_config/environment/path.dsv
[0.809s] -- Symlinking: /home/elk/ROS2-VPG_ws/install/r6bot_moveit_config/share/r6bot_moveit_config/local_setup.bash
[0.817s] -- Symlinking: /home/elk/ROS2-VPG_ws/install/r6bot_moveit_config/share/r6bot_moveit_config/local_setup.sh
[0.824s] -- Symlinking: /home/elk/ROS2-VPG_ws/install/r6bot_moveit_config/share/r6bot_moveit_config/local_setup.zsh
[0.832s] -- Symlinking: /home/elk/ROS2-VPG_ws/install/r6bot_moveit_config/share/r6bot_moveit_config/local_setup.dsv
[0.839s] -- Symlinking: /home/elk/ROS2-VPG_ws/install/r6bot_moveit_config/share/r6bot_moveit_config/package.dsv
[0.846s] -- Symlinking: /home/elk/ROS2-VPG_ws/install/r6bot_moveit_config/share/ament_index/resource_index/packages/r6bot_moveit_config
[0.852s] -- Symlinking: /home/elk/ROS2-VPG_ws/install/r6bot_moveit_config/share/r6bot_moveit_config/cmake/r6bot_moveit_configConfig.cmake
[0.859s] -- Symlinking: /home/elk/ROS2-VPG_ws/install/r6bot_moveit_config/share/r6bot_moveit_config/cmake/r6bot_moveit_configConfig-version.cmake
[0.866s] -- Symlinking: /home/elk/ROS2-VPG_ws/install/r6bot_moveit_config/share/r6bot_moveit_config/package.xml
[0.875s] Invoked command in '/home/elk/ROS2-VPG_ws/build/r6bot_moveit_config' returned '0': CMAKE_PREFIX_PATH=${CMAKE_PREFIX_PATH}:/opt/ros/humble /usr/bin/cmake --install /home/elk/ROS2-VPG_ws/build/r6bot_moveit_config
